d:\game3\getrey morgane\openglsimegameengine\simpleengine\simpleenginewithopengl-004\x64\debug\vc142.pdb
d:\game3\getrey morgane\openglsimegameengine\simpleengine\simpleenginewithopengl-004\x64\debug\vc142.idb
d:\game3\getrey morgane\openglsimegameengine\simpleengine\simpleenginewithopengl-004\x64\debug\timer.obj
d:\game3\getrey morgane\openglsimegameengine\simpleengine\simpleenginewithopengl-004\x64\debug\texture.obj
d:\game3\getrey morgane\openglsimegameengine\simpleengine\simpleenginewithopengl-004\x64\debug\spritecomponent.obj
d:\game3\getrey morgane\openglsimegameengine\simpleengine\simpleenginewithopengl-004\x64\debug\ship.obj
d:\game3\getrey morgane\openglsimegameengine\simpleengine\simpleenginewithopengl-004\x64\debug\renderer.obj
d:\game3\getrey morgane\openglsimegameengine\simpleengine\simpleenginewithopengl-004\x64\debug\rectangle.obj
d:\game3\getrey morgane\openglsimegameengine\simpleengine\simpleenginewithopengl-004\x64\debug\random.obj
d:\game3\getrey morgane\openglsimegameengine\simpleengine\simpleenginewithopengl-004\x64\debug\movecomponent.obj
d:\game3\getrey morgane\openglsimegameengine\simpleengine\simpleenginewithopengl-004\x64\debug\main.obj
d:\game3\getrey morgane\openglsimegameengine\simpleengine\simpleenginewithopengl-004\x64\debug\log.obj
d:\game3\getrey morgane\openglsimegameengine\simpleengine\simpleenginewithopengl-004\x64\debug\laser.obj
d:\game3\getrey morgane\openglsimegameengine\simpleengine\simpleenginewithopengl-004\x64\debug\inputcomponent.obj
d:\game3\getrey morgane\openglsimegameengine\simpleengine\simpleenginewithopengl-004\x64\debug\game.obj
d:\game3\getrey morgane\openglsimegameengine\simpleengine\simpleenginewithopengl-004\x64\debug\component.obj
d:\game3\getrey morgane\openglsimegameengine\simpleengine\simpleenginewithopengl-004\x64\debug\ccc.obj
d:\game3\getrey morgane\openglsimegameengine\simpleengine\simpleenginewithopengl-004\x64\debug\backgroundspritecomponent.obj
d:\game3\getrey morgane\openglsimegameengine\simpleengine\simpleenginewithopengl-004\x64\debug\astroïd.obj
d:\game3\getrey morgane\openglsimegameengine\simpleengine\simpleenginewithopengl-004\x64\debug\assests.obj
d:\game3\getrey morgane\openglsimegameengine\simpleengine\simpleenginewithopengl-004\x64\debug\animspritecomponent.obj
d:\game3\getrey morgane\openglsimegameengine\simpleengine\simpleenginewithopengl-004\x64\debug\actor.obj
d:\game3\getrey morgane\openglsimegameengine\simpleengine\simpleenginewithopengl-004\x64\debug\window.obj
d:\game3\getrey morgane\openglsimegameengine\simpleengine\simpleenginewithopengl-004\x64\debug\vector2.obj
c:\users\getre\onedrive\documents\openglsimegameengine\simpleengine\simpleenginewithopengl-004\x64\debug\vc143.pdb
c:\users\getre\onedrive\documents\openglsimegameengine\simpleengine\simpleenginewithopengl-004\x64\debug\vc143.idb
c:\users\getre\onedrive\documents\openglsimegameengine\simpleengine\simpleenginewithopengl-004\x64\debug\timer.obj
c:\users\getre\onedrive\documents\openglsimegameengine\simpleengine\simpleenginewithopengl-004\x64\debug\texture.obj
c:\users\getre\onedrive\documents\openglsimegameengine\simpleengine\simpleenginewithopengl-004\x64\debug\spritecomponent.obj
c:\users\getre\onedrive\documents\openglsimegameengine\simpleengine\simpleenginewithopengl-004\x64\debug\ship.obj
c:\users\getre\onedrive\documents\openglsimegameengine\simpleengine\simpleenginewithopengl-004\x64\debug\renderer.obj
c:\users\getre\onedrive\documents\openglsimegameengine\simpleengine\simpleenginewithopengl-004\x64\debug\rectangle.obj
c:\users\getre\onedrive\documents\openglsimegameengine\simpleengine\simpleenginewithopengl-004\x64\debug\random.obj
c:\users\getre\onedrive\documents\openglsimegameengine\simpleengine\simpleenginewithopengl-004\x64\debug\movecomponent.obj
c:\users\getre\onedrive\documents\openglsimegameengine\simpleengine\simpleenginewithopengl-004\x64\debug\main.obj
c:\users\getre\onedrive\documents\openglsimegameengine\simpleengine\simpleenginewithopengl-004\x64\debug\log.obj
c:\users\getre\onedrive\documents\openglsimegameengine\simpleengine\simpleenginewithopengl-004\x64\debug\laser.obj
c:\users\getre\onedrive\documents\openglsimegameengine\simpleengine\simpleenginewithopengl-004\x64\debug\inputcomponent.obj
c:\users\getre\onedrive\documents\openglsimegameengine\simpleengine\simpleenginewithopengl-004\x64\debug\game.obj
c:\users\getre\onedrive\documents\openglsimegameengine\simpleengine\simpleenginewithopengl-004\x64\debug\component.obj
c:\users\getre\onedrive\documents\openglsimegameengine\simpleengine\simpleenginewithopengl-004\x64\debug\ccc.obj
c:\users\getre\onedrive\documents\openglsimegameengine\simpleengine\simpleenginewithopengl-004\x64\debug\backgroundspritecomponent.obj
c:\users\getre\onedrive\documents\openglsimegameengine\simpleengine\simpleenginewithopengl-004\x64\debug\astroïd.obj
c:\users\getre\onedrive\documents\openglsimegameengine\simpleengine\simpleenginewithopengl-004\x64\debug\assests.obj
c:\users\getre\onedrive\documents\openglsimegameengine\simpleengine\simpleenginewithopengl-004\x64\debug\animspritecomponent.obj
c:\users\getre\onedrive\documents\openglsimegameengine\simpleengine\simpleenginewithopengl-004\x64\debug\actor.obj
c:\users\getre\onedrive\documents\openglsimegameengine\simpleengine\simpleenginewithopengl-004\x64\debug\window.obj
c:\users\getre\onedrive\documents\openglsimegameengine\simpleengine\simpleenginewithopengl-004\x64\debug\vector2.obj
d:\game3\getrey morgane\openglsimegameengine\simpleengine\x64\debug\simpleenginewithopengl-004.exe
d:\game3\getrey morgane\openglsimegameengine\simpleengine\simpleenginewithopengl-004\x64\debug\simpleenginewithopengl-004.ilk
d:\game3\getrey morgane\openglsimegameengine\simpleengine\x64\debug\simpleenginewithopengl-004.pdb
c:\users\getre\onedrive\documents\openglsimegameengine\simpleengine\simpleenginewithopengl-004\x64\debug\vc142.idb
c:\users\getre\onedrive\documents\openglsimegameengine\simpleengine\simpleenginewithopengl-004\x64\debug\simpleenginewithopengl-004.pdb
c:\users\getre\onedrive\documents\openglsimegameengine\simpleengine\simpleenginewithopengl-004\x64\debug\vc142.pdb
c:\users\getre\onedrive\documents\openglsimegameengine\simpleengine\x64\debug\simpleenginewithopengl-004.pdb
c:\users\getre\onedrive\documents\openglsimegameengine\simpleengine\x64\debug\simpleenginewithopengl-004.exe
c:\users\getre\onedrive\documents\openglsimegameengine\simpleengine\simpleenginewithopengl-004\x64\debug\simpleen.5d25c4c0.tlog\cl.command.1.tlog
c:\users\getre\onedrive\documents\openglsimegameengine\simpleengine\simpleenginewithopengl-004\x64\debug\simpleen.5d25c4c0.tlog\cl.read.1.tlog
c:\users\getre\onedrive\documents\openglsimegameengine\simpleengine\simpleenginewithopengl-004\x64\debug\simpleen.5d25c4c0.tlog\cl.write.1.tlog
c:\users\getre\onedrive\documents\openglsimegameengine\simpleengine\simpleenginewithopengl-004\x64\debug\simpleen.5d25c4c0.tlog\link.command.1.tlog
c:\users\getre\onedrive\documents\openglsimegameengine\simpleengine\simpleenginewithopengl-004\x64\debug\simpleen.5d25c4c0.tlog\link.read.1.tlog
c:\users\getre\onedrive\documents\openglsimegameengine\simpleengine\simpleenginewithopengl-004\x64\debug\simpleen.5d25c4c0.tlog\link.write.1.tlog
